[debug] [2023-07-25T03:59:23.839Z] ----------------------------------------------------------------------
[debug] [2023-07-25T03:59:23.840Z] Command:       /usr/local/bin/node /usr/local/bin/firebase deploy
[debug] [2023-07-25T03:59:23.840Z] CLI Version:   11.28.0
[debug] [2023-07-25T03:59:23.840Z] Platform:      darwin
[debug] [2023-07-25T03:59:23.840Z] Node Version:  v16.20.0
[debug] [2023-07-25T03:59:23.841Z] Time:          Tue Jul 25 2023 11:59:23 GMT+0800 (Taipei Standard Time)
[debug] [2023-07-25T03:59:23.841Z] ----------------------------------------------------------------------
[debug] 
[debug] [2023-07-25T03:59:23.893Z] > command requires scopes: ["email","openid","https://www.googleapis.com/auth/cloudplatformprojects.readonly","https://www.googleapis.com/auth/firebase","https://www.googleapis.com/auth/cloud-platform"]
[debug] [2023-07-25T03:59:23.894Z] > authorizing via signed-in user (igorho2000@gmail.com)
[debug] [2023-07-25T03:59:23.894Z] [iam] checking project dashboard-ver2-test for permissions ["firebase.projects.get","firebasehosting.sites.update"]
[debug] [2023-07-25T03:59:23.895Z] >>> [apiv2][query] POST https://cloudresourcemanager.googleapis.com/v1/projects/dashboard-ver2-test:testIamPermissions [none]
[debug] [2023-07-25T03:59:23.895Z] >>> [apiv2][(partial)header] POST https://cloudresourcemanager.googleapis.com/v1/projects/dashboard-ver2-test:testIamPermissions x-goog-quota-user=projects/dashboard-ver2-test
[debug] [2023-07-25T03:59:23.895Z] >>> [apiv2][body] POST https://cloudresourcemanager.googleapis.com/v1/projects/dashboard-ver2-test:testIamPermissions {"permissions":["firebase.projects.get","firebasehosting.sites.update"]}
[debug] [2023-07-25T03:59:24.916Z] <<< [apiv2][status] POST https://cloudresourcemanager.googleapis.com/v1/projects/dashboard-ver2-test:testIamPermissions 200
[debug] [2023-07-25T03:59:24.917Z] <<< [apiv2][body] POST https://cloudresourcemanager.googleapis.com/v1/projects/dashboard-ver2-test:testIamPermissions {"permissions":["firebase.projects.get","firebasehosting.sites.update"]}
[debug] [2023-07-25T03:59:24.919Z] >>> [apiv2][query] GET https://firebase.googleapis.com/v1beta1/projects/dashboard-ver2-test [none]
[debug] [2023-07-25T03:59:25.222Z] <<< [apiv2][status] GET https://firebase.googleapis.com/v1beta1/projects/dashboard-ver2-test 200
[debug] [2023-07-25T03:59:25.223Z] <<< [apiv2][body] GET https://firebase.googleapis.com/v1beta1/projects/dashboard-ver2-test {"projectId":"dashboard-ver2-test","projectNumber":"1072028314760","displayName":"Dashboard-ver2-Test","name":"projects/dashboard-ver2-test","resources":{"hostingSite":"dashboard-ver2-test"},"state":"ACTIVE","etag":"1_66a47bd2-df47-4002-9616-014f7170a25d"}
[info] 
[info] === Deploying to 'dashboard-ver2-test'...
[info] 
[info] i  deploying hosting 
[debug] [2023-07-25T03:59:25.231Z] >>> [apiv2][query] POST https://firebasehosting.googleapis.com/v1beta1/projects/-/sites/dashboard-ver2-test/versions [none]
[debug] [2023-07-25T03:59:25.232Z] >>> [apiv2][body] POST https://firebasehosting.googleapis.com/v1beta1/projects/-/sites/dashboard-ver2-test/versions {"status":"CREATED","labels":{"deployment-tool":"cli-firebase"}}
[debug] [2023-07-25T03:59:25.861Z] <<< [apiv2][status] POST https://firebasehosting.googleapis.com/v1beta1/projects/-/sites/dashboard-ver2-test/versions 200
[debug] [2023-07-25T03:59:25.862Z] <<< [apiv2][body] POST https://firebasehosting.googleapis.com/v1beta1/projects/-/sites/dashboard-ver2-test/versions {"name":"projects/1072028314760/sites/dashboard-ver2-test/versions/91c551ce8079a15d","status":"CREATED","config":{},"labels":{"deployment-tool":"cli-firebase"}}
[info] i  hosting[dashboard-ver2-test]: beginning deploy... 
[info] i  hosting[dashboard-ver2-test]: found 139 files in dist 
[debug] [2023-07-25T03:59:25.903Z] [hosting] uploading with 200 concurrency
